<?xml version="1.0" encoding="UTF-8"?>
<!-- Generated by org.testng.reporters.JUnitReportReporter -->
<testsuite hostname="DESKTOP-4MCJR8D" failures="0" tests="3" name="rahulshettyacademy.Test.SubmitOrderTest" time="78.614" errors="0" timestamp="2025-03-15T12:11:23 IST" skipped="0">
  <testcase classname="rahulshettyacademy.Test.SubmitOrderTest" name="Submiorder" time="20.151"/>
  <testcase classname="rahulshettyacademy.Test.SubmitOrderTest" name="Submiorder" time="40.087"/>
  <testcase classname="rahulshettyacademy.Test.SubmitOrderTest" name="orderHistoryTest" time="18.376"/>
</testsuite> <!-- rahulshettyacademy.Test.SubmitOrderTest -->
