<?xml version="1.0" encoding="UTF-8"?>
<!-- Generated by org.testng.reporters.JUnitReportReporter -->
<testsuite hostname="DESKTOP-4MCJR8D" failures="0" tests="3" name="rahulshettyacademy.Test.SubmitOrderTest" time="79.647" errors="0" timestamp="2025-03-16T10:48:31 IST" skipped="0">
  <testcase classname="rahulshettyacademy.Test.SubmitOrderTest" name="Submiorder" time="32.406"/>
  <testcase classname="rahulshettyacademy.Test.SubmitOrderTest" name="Submiorder" time="29.516"/>
  <testcase classname="rahulshettyacademy.Test.SubmitOrderTest" name="orderHistoryTest" time="17.725"/>
</testsuite> <!-- rahulshettyacademy.Test.SubmitOrderTest -->
